<?xml version="1.0" encoding="UTF-8"?>
<!-- Generated by org.testng.reporters.JUnitReportReporter -->
<testsuite name="HelloWorldTest" tests="1" time="8.409" ignored="0" failures="0" timestamp="19 Feb 2019 01:38:22 GMT" skipped="0" hostname="DESKTOP-9EBC1DI" errors="0">
  <testcase name="launchSite" time="8.409" classname="HelloWorldTest"/>
</testsuite> <!-- HelloWorldTest -->
