<?xml version="1.0" encoding="UTF-8"?>
<!-- Generated by org.testng.reporters.JUnitReportReporter -->
<testsuite name="TestNGExamples$GooglePageTest" tests="3" time="11.038" ignored="1" failures="0" timestamp="05 Mar 2019 21:58:48 GMT" skipped="1" hostname="DESKTOP-9EBC1DI" errors="0">
  <testcase name="googlePage" time="6.890" classname="TestNGExamples$GooglePageTest"/>
  <testcase name="getTitle" time="0.004" classname="TestNGExamples$GooglePageTest">
    <skipped/>
  </testcase> <!-- getTitle -->
  <testcase name="selFrmDropdown" time="4.144" classname="TestNGExamples$GooglePageTest"/>
  <testcase name="AfterTest" classname="TestNGExamples$GooglePageTest">
    <skipped/>
  </testcase> <!-- AfterTest -->
</testsuite> <!-- TestNGExamples$GooglePageTest -->
