<?xml version="1.0" encoding="UTF-8"?>
<!-- Generated by org.testng.reporters.JUnitReportReporter -->
<testsuite name="GooglePageTest" tests="6" time="11.598" ignored="0" failures="0" timestamp="27 Feb 2019 19:35:54 GMT" skipped="3" hostname="DESKTOP-9EBC1DI" errors="0">
  <testcase name="AfterTest" time="0.006" classname="GooglePageTest"/>
  <testcase name="selFrmDropdown" time="0.000" classname="GooglePageTest">
    <skipped/>
  </testcase> <!-- selFrmDropdown -->
  <testcase name="googlePage" time="5.682" classname="GooglePageTest"/>
  <testcase name="selByVal" time="5.904" classname="GooglePageTest"/>
  <testcase name="getTitle" time="0.006" classname="GooglePageTest">
    <skipped/>
  </testcase> <!-- getTitle -->
  <testcase name="selByIndex" time="0.000" classname="GooglePageTest">
    <skipped/>
  </testcase> <!-- selByIndex -->
</testsuite> <!-- GooglePageTest -->
