<?xml version="1.0" encoding="UTF-8"?>
<!-- Generated by org.testng.reporters.JUnitReportReporter -->
<testsuite name="SalesforceTest" tests="1" time="32.319" ignored="0" failures="0" timestamp="21 Feb 2019 03:02:10 GMT" skipped="0" hostname="DESKTOP-9EBC1DI" errors="0">
  <testcase name="openSalesforceApp" time="32.319" classname="SalesforceTest"/>
</testsuite> <!-- SalesforceTest -->
