<?xml version="1.0" encoding="UTF-8"?>
<!-- Generated by org.testng.reporters.JUnitReportReporter -->
<testsuite name="WebDriverCommands" tests="1" time="23.468" ignored="0" failures="0" timestamp="07 Mar 2019 21:48:42 GMT" skipped="0" hostname="DESKTOP-9EBC1DI" errors="0">
  <testcase name="launchSite" time="23.468" classname="WebDriverCommands"/>
</testsuite> <!-- WebDriverCommands -->
