<?xml version="1.0" encoding="UTF-8"?>
<!-- Generated by org.testng.reporters.JUnitReportReporter -->
<testsuite name="com.automation.Jan.Interactions" tests="1" time="90.941" ignored="0" failures="0" timestamp="26 Mar 2019 22:55:13 GMT" skipped="0" hostname="DESKTOP-9EBC1DI" errors="0">
  <testcase name="homePageForm" time="90.941" classname="com.automation.Jan.Interactions"/>
</testsuite> <!-- com.automation.Jan.Interactions -->
