<?xml version="1.0" encoding="UTF-8"?>
<!-- Generated by org.testng.reporters.JUnitReportReporter -->
<testsuite name="pack1.CrossBrowserTesting" tests="12" time="59.583" ignored="0" failures="0" timestamp="05 Mar 2019 20:48:49 GMT" skipped="0" hostname="DESKTOP-9EBC1DI" errors="0">
  <testcase name="googlePage" time="19.031" classname="pack1.CrossBrowserTesting"/>
  <testcase name="selByIndex" time="5.398" classname="pack1.CrossBrowserTesting"/>
  <testcase name="selByIndex" time="10.260" classname="pack1.CrossBrowserTesting"/>
  <testcase name="selFrmDropdown" time="4.185" classname="pack1.CrossBrowserTesting"/>
  <testcase name="selFrmDropdown" time="3.673" classname="pack1.CrossBrowserTesting"/>
  <testcase name="getTitle" time="0.587" classname="pack1.CrossBrowserTesting"/>
  <testcase name="selByVal" time="5.059" classname="pack1.CrossBrowserTesting"/>
  <testcase name="selByVal" time="5.281" classname="pack1.CrossBrowserTesting"/>
  <testcase name="googlePage" time="5.469" classname="pack1.CrossBrowserTesting"/>
  <testcase name="AfterTest" time="0.004" classname="pack1.CrossBrowserTesting"/>
  <testcase name="getTitle" time="0.636" classname="pack1.CrossBrowserTesting"/>
  <testcase name="AfterTest" time="0.000" classname="pack1.CrossBrowserTesting"/>
</testsuite> <!-- pack1.CrossBrowserTesting -->
