<?xml version="1.0" encoding="UTF-8"?>
<!-- Generated by org.testng.reporters.JUnitReportReporter -->
<testsuite name="SalesforceApp" tests="4" time="21.996" ignored="1" failures="0" timestamp="28 Feb 2019 16:29:25 GMT" skipped="0" hostname="DESKTOP-9EBC1DI" errors="0">
  <testcase name="logIn" time="7.959" classname="SalesforceApp"/>
  <testcase name="clickUsrNavButton" time="5.315" classname="SalesforceApp"/>
  <testcase name="loginTest" time="6.178" classname="SalesforceApp"/>
  <testcase name="closeDialogue" time="2.544" classname="SalesforceApp"/>
  <testcase name="logOutFrmApp" classname="SalesforceApp">
    <skipped/>
  </testcase> <!-- logOutFrmApp -->
</testsuite> <!-- SalesforceApp -->
